# JRE version: OpenJDK Runtime Environment (11.0.10) (build 11.0.10+0-b96-7249189)
# Java VM: OpenJDK 64-Bit Server VM (11.0.10+0-b96-7249189, mixed mode, tiered, compressed oops, g1 gc, windows-amd64)
Heap:
 garbage-first heap   total 569344K, used 131244K [0x0000000080000000, 0x0000000100000000)
  region size 1024K, 2 young (2048K), 2 survivors (2048K)
 Metaspace       used 147697K, capacity 152571K, committed 153548K, reserved 1183744K
  class space    used 18262K, capacity 20021K, committed 20172K, reserved 1048576K
GC Heap History (20 events):
Event: 3781.089 GC heap after
{Heap after GC invocations=167 (full 0):
 garbage-first heap   total 284672K, used 171174K [0x0000000080000000, 0x0000000100000000)
  region size 1024K, 2 young (2048K), 2 survivors (2048K)
 Metaspace       used 147623K, capacity 152476K, committed 153548K, reserved 1183744K
  class space    used 18260K, capacity 20016K, committed 20172K, reserved 1048576K
}
Event: 3781.296 GC heap before
{Heap before GC invocations=167 (full 0):
 garbage-first heap   total 284672K, used 182438K [0x0000000080000000, 0x0000000100000000)
  region size 1024K, 13 young (13312K), 2 survivors (2048K)
 Metaspace       used 147629K, capacity 152476K, committed 153548K, reserved 1183744K
  class space    used 18260K, capacity 20016K, committed 20172K, reserved 1048576K
}
Event: 3781.312 GC heap after
{Heap after GC invocations=168 (full 0):
 garbage-first heap   total 284672K, used 174757K [0x0000000080000000, 0x0000000100000000)
  region size 1024K, 2 young (2048K), 2 survivors (2048K)
 Metaspace       used 147629K, capacity 152476K, committed 153548K, reserved 1183744K
  class space    used 18260K, capacity 20016K, committed 20172K, reserved 1048576K
}
Event: 3781.450 GC heap before
{Heap before GC invocations=168 (full 0):
 garbage-first heap   total 284672K, used 188069K [0x0000000080000000, 0x0000000100000000)
  region size 1024K, 13 young (13312K), 2 survivors (2048K)
 Metaspace       used 147629K, capacity 152476K, committed 153548K, reserved 1183744K
  class space    used 18260K, capacity 20016K, committed 20172K, reserved 1048576K
}
Event: 3781.465 GC heap after
{Heap after GC invocations=169 (full 0):
 garbage-first heap   total 284672K, used 177756K [0x0000000080000000, 0x0000000100000000)
  region size 1024K, 2 young (2048K), 2 survivors (2048K)
 Metaspace       used 147629K, capacity 152476K, committed 153548K, reserved 1183744K
  class space    used 18260K, capacity 20016K, committed 20172K, reserved 1048576K
}
Event: 3781.584 GC heap before
{Heap before GC invocations=169 (full 0):
 garbage-first heap   total 284672K, used 189020K [0x0000000080000000, 0x0000000100000000)
  region size 1024K, 13 young (13312K), 2 survivors (2048K)
 Metaspace       used 147633K, capacity 152476K, committed 153548K, reserved 1183744K
  class space    used 18260K, capacity 20016K, committed 20172K, reserved 1048576K
}
Event: 3781.590 GC heap after
{Heap after GC invocations=170 (full 0):
 garbage-first heap   total 284672K, used 179039K [0x0000000080000000, 0x0000000100000000)
  region size 1024K, 1 young (1024K), 1 survivors (1024K)
 Metaspace       used 147633K, capacity 152476K, committed 153548K, reserved 1183744K
  class space    used 18260K, capacity 20016K, committed 20172K, reserved 1048576K
}
Event: 3781.661 GC heap before
{Heap before GC invocations=170 (full 0):
 garbage-first heap   total 284672K, used 191327K [0x0000000080000000, 0x0000000100000000)
  region size 1024K, 13 young (13312K), 1 survivors (1024K)
 Metaspace       used 147637K, capacity 152476K, committed 153548K, reserved 1183744K
  class space    used 18260K, capacity 20016K, committed 20172K, reserved 1048576K
}
Event: 3781.665 GC heap after
{Heap after GC invocations=171 (full 0):
 garbage-first heap   total 284672K, used 178721K [0x0000000080000000, 0x0000000100000000)
  region size 1024K, 1 young (1024K), 1 survivors (1024K)
 Metaspace       used 147637K, capacity 152476K, committed 153548K, reserved 1183744K
  class space    used 18260K, capacity 20016K, committed 20172K, reserved 1048576K
}
Event: 3781.783 GC heap before
{Heap before GC invocations=171 (full 0):
 garbage-first heap   total 284672K, used 199201K [0x0000000080000000, 0x0000000100000000)
  region size 1024K, 11 young (11264K), 1 survivors (1024K)
 Metaspace       used 147639K, capacity 152476K, committed 153548K, reserved 1183744K
  class space    used 18260K, capacity 20016K, committed 20172K, reserved 1048576K
}
Event: 3781.819 GC heap after
{Heap after GC invocations=172 (full 0):
 garbage-first heap   total 284672K, used 185928K [0x0000000080000000, 0x0000000100000000)
  region size 1024K, 2 young (2048K), 2 survivors (2048K)
 Metaspace       used 147639K, capacity 152476K, committed 153548K, reserved 1183744K
  class space    used 18260K, capacity 20016K, committed 20172K, reserved 1048576K
}
Event: 3782.681 GC heap before
{Heap before GC invocations=173 (full 0):
 garbage-first heap   total 284672K, used 183880K [0x0000000080000000, 0x0000000100000000)
  region size 1024K, 19 young (19456K), 2 survivors (2048K)
 Metaspace       used 147656K, capacity 152495K, committed 153548K, reserved 1183744K
  class space    used 18261K, capacity 20019K, committed 20172K, reserved 1048576K
}
Event: 3782.740 GC heap after
{Heap after GC invocations=174 (full 0):
 garbage-first heap   total 284672K, used 163840K [0x0000000080000000, 0x0000000100000000)
  region size 1024K, 3 young (3072K), 3 survivors (3072K)
 Metaspace       used 147656K, capacity 152495K, committed 153548K, reserved 1183744K
  class space    used 18261K, capacity 20019K, committed 20172K, reserved 1048576K
}
Event: 3782.839 GC heap before
{Heap before GC invocations=174 (full 0):
 garbage-first heap   total 284672K, used 174080K [0x0000000080000000, 0x0000000100000000)
  region size 1024K, 13 young (13312K), 3 survivors (3072K)
 Metaspace       used 147656K, capacity 152495K, committed 153548K, reserved 1183744K
  class space    used 18261K, capacity 20019K, committed 20172K, reserved 1048576K
}
Event: 3782.857 GC heap after
{Heap after GC invocations=175 (full 0):
 garbage-first heap   total 284672K, used 135985K [0x0000000080000000, 0x0000000100000000)
  region size 1024K, 2 young (2048K), 2 survivors (2048K)
 Metaspace       used 147656K, capacity 152495K, committed 153548K, reserved 1183744K
  class space    used 18261K, capacity 20019K, committed 20172K, reserved 1048576K
}
Event: 3783.080 GC heap before
{Heap before GC invocations=175 (full 0):
 garbage-first heap   total 284672K, used 147249K [0x0000000080000000, 0x0000000100000000)
  region size 1024K, 13 young (13312K), 2 survivors (2048K)
 Metaspace       used 147662K, capacity 152495K, committed 153548K, reserved 1183744K
  class space    used 18261K, capacity 20019K, committed 20172K, reserved 1048576K
}
Event: 3783.110 GC heap after
{Heap after GC invocations=176 (full 0):
 garbage-first heap   total 284672K, used 128027K [0x0000000080000000, 0x0000000100000000)
  region size 1024K, 1 young (1024K), 1 survivors (1024K)
 Metaspace       used 147662K, capacity 152495K, committed 153548K, reserved 1183744K
  class space    used 18261K, capacity 20019K, committed 20172K, reserved 1048576K
}
Event: 3785.554 GC heap before
{Heap before GC invocations=176 (full 0):
 garbage-first heap   total 284672K, used 140315K [0x0000000080000000, 0x0000000100000000)
  region size 1024K, 13 young (13312K), 1 survivors (1024K)
 Metaspace       used 147682K, capacity 152507K, committed 153548K, reserved 1183744K
  class space    used 18262K, capacity 20021K, committed 20172K, reserved 1048576K
}
Event: 3785.582 GC heap after
{Heap after GC invocations=177 (full 0):
 garbage-first heap   total 284672K, used 128997K [0x0000000080000000, 0x0000000100000000)
  region size 1024K, 2 young (2048K), 2 survivors (2048K)
 Metaspace       used 147682K, capacity 152507K, committed 153548K, reserved 1183744K
  class space    used 18262K, capacity 20021K, committed 20172K, reserved 1048576K
}
Event: 3785.663 GC heap before
{Heap before GC invocations=177 (full 0):
 garbage-first heap   total 284672K, used 146405K [0x0000000080000000, 0x0000000100000000)
  region size 1024K, 19 young (19456K), 2 survivors (2048K)
 Metaspace       used 147697K, capacity 152571K, committed 153548K, reserved 1183744K
  class space    used 18262K, capacity 20021K, committed 20172K, reserved 1048576K
}

